<?xml version="1.0" encoding="UTF-8"?>
<!-- Generated by org.testng.reporters.JUnitReportReporter -->
<testsuite skipped="0" hostname="harish-ThinkPad-P52" name="com.qa.tests.LoginTest" tests="1" failures="0" timestamp="2021-12-28T12:28:00 IST" time="12.172" errors="0">
  <testcase name="testLogin" time="12.172" classname="com.qa.tests.LoginTest"/>
  <system-out/>
</testsuite> <!-- com.qa.tests.LoginTest -->
